<?xml version="1.0" encoding="UTF-8"?>
<!-- Generated by org.testng.reporters.JUnitReportReporter -->
<testsuite skipped="0" hostname="DESKTOP-TKK5GPG" name="com.retail.testcases.AddCategory" tests="3" failures="0" timestamp="2021-11-06T20:47:54 EDT" time="3.704" errors="0">
  <testcase name="addCategory" time="0.170" classname="com.retail.testcases.AddCategory"/>
  <system-out/>
  <testcase name="addCategory" time="3.270" classname="com.retail.testcases.AddCategory"/>
  <system-out/>
  <testcase name="addCategory" time="0.264" classname="com.retail.testcases.AddCategory"/>
  <system-out/>
</testsuite> <!-- com.retail.testcases.AddCategory -->
