<?xml version="1.0" encoding="UTF-8"?>
<!-- Generated by org.testng.reporters.JUnitReportReporter -->
<testsuite skipped="0" hostname="DESKTOP-TKK5GPG" name="com.retail.testcases.LoginTest" tests="2" failures="0" timestamp="2021-11-06T20:47:54 EDT" time="27.160" errors="0">
  <testcase name="doLogin" time="27.032" classname="com.retail.testcases.LoginTest"/>
  <system-out/>
  <testcase name="doLogin" time="0.128" classname="com.retail.testcases.LoginTest"/>
  <system-out/>
</testsuite> <!-- com.retail.testcases.LoginTest -->
