<?xml version="1.0" encoding="UTF-8"?>
<!-- Generated by org.testng.reporters.JUnitReportReporter -->
<testsuite skipped="0" hostname="DESKTOP-TKK5GPG" name="com.retail.testcases.AddProduct" tests="3" failures="0" timestamp="2021-11-06T20:47:54 EDT" time="1.530" errors="0">
  <testcase name="addProduct" time="0.555" classname="com.retail.testcases.AddProduct"/>
  <system-out/>
  <testcase name="addProduct" time="0.414" classname="com.retail.testcases.AddProduct"/>
  <system-out/>
  <testcase name="addProduct" time="0.561" classname="com.retail.testcases.AddProduct"/>
  <system-out/>
</testsuite> <!-- com.retail.testcases.AddProduct -->
